app/build/intermediates/manifest_merge_blame_file/debug/processDebugMainManifest/manifest-merger-blame-debug-report.txt
1<?xml version="1.0" encoding="utf-8"?>
2<manifest xmlns:android="http://schemas.android.com/apk/res/android"
3    package="com.example.notestakingapp"
4    android:versionCode="1"
5    android:versionName="1.0" >
6
7    <uses-sdk
8        android:minSdkVersion="21"
9        android:targetSdkVersion="35" />
10
11    <uses-permission
11-->src/main/AndroidManifest.xml:5:5-6:38
12        android:name="android.permission.READ_EXTERNAL_STORAGE"
12-->src/main/AndroidManifest.xml:5:22-77
13        android:maxSdkVersion="32" />
13-->src/main/AndroidManifest.xml:6:9-35
14    <uses-permission android:name="android.permission.INTERNET" />
14-->src/main/AndroidManifest.xml:7:5-67
14-->src/main/AndroidManifest.xml:7:22-64
15
16    <permission
16-->[androidx.core:core:1.15.0] AndroidManifest.xml:22:5-24:47
17        android:name="com.example.notestakingapp.DYNAMIC_RECEIVER_NOT_EXPORTED_PERMISSION"
17-->[androidx.core:core:1.15.0] AndroidManifest.xml:23:9-81
18        android:protectionLevel="signature" />
18-->[androidx.core:core:1.15.0] AndroidManifest.xml:24:9-44
19
20    <uses-permission android:name="com.example.notestakingapp.DYNAMIC_RECEIVER_NOT_EXPORTED_PERMISSION" />
20-->[androidx.core:core:1.15.0] AndroidManifest.xml:26:5-97
20-->[androidx.core:core:1.15.0] AndroidManifest.xml:26:22-94
21    <uses-permission android:name="android.permission.REORDER_TASKS" />
21-->[androidx.test:core:1.6.1] AndroidManifest.xml:24:5-72
21-->[androidx.test:core:1.6.1] AndroidManifest.xml:24:22-69
22
23    <queries>
23-->[androidx.test:runner:1.6.1] AndroidManifest.xml:24:5-28:15
24        <package android:name="androidx.test.orchestrator" />
24-->[androidx.test:runner:1.6.1] AndroidManifest.xml:25:9-62
24-->[androidx.test:runner:1.6.1] AndroidManifest.xml:25:18-59
25        <package android:name="androidx.test.services" />
25-->[androidx.test:runner:1.6.1] AndroidManifest.xml:26:9-58
25-->[androidx.test:runner:1.6.1] AndroidManifest.xml:26:18-55
26        <package android:name="com.google.android.apps.common.testing.services" />
26-->[androidx.test:runner:1.6.1] AndroidManifest.xml:27:9-83
26-->[androidx.test:runner:1.6.1] AndroidManifest.xml:27:18-80
27    </queries>
28
29    <application
29-->src/main/AndroidManifest.xml:9:5-32:19
30        android:name="com.example.notestakingapp.NotesApp"
30-->src/main/AndroidManifest.xml:10:9-33
31        android:allowBackup="true"
31-->src/main/AndroidManifest.xml:11:9-35
32        android:appComponentFactory="androidx.core.app.CoreComponentFactory"
32-->[androidx.core:core:1.15.0] AndroidManifest.xml:28:18-86
33        android:dataExtractionRules="@xml/data_extraction_rules"
33-->src/main/AndroidManifest.xml:12:9-65
34        android:debuggable="true"
35        android:extractNativeLibs="true"
36        android:fullBackupContent="@xml/backup_rules"
36-->src/main/AndroidManifest.xml:13:9-54
37        android:icon="@mipmap/ic_launcher"
37-->src/main/AndroidManifest.xml:14:9-43
38        android:label="@string/app_name"
38-->src/main/AndroidManifest.xml:15:9-41
39        android:roundIcon="@mipmap/ic_launcher_round"
39-->src/main/AndroidManifest.xml:16:9-54
40        android:supportsRtl="true"
40-->src/main/AndroidManifest.xml:17:9-35
41        android:testOnly="true"
42        android:theme="@style/Theme.NotesTakingApp" >
42-->src/main/AndroidManifest.xml:18:9-52
43        <activity
43-->src/main/AndroidManifest.xml:21:9-31:20
44            android:name="com.example.notestakingapp.MainActivity"
44-->src/main/AndroidManifest.xml:22:13-41
45            android:exported="true"
45-->src/main/AndroidManifest.xml:23:13-36
46            android:label="@string/app_name"
46-->src/main/AndroidManifest.xml:24:13-45
47            android:theme="@style/Theme.AppCompat.Light.DarkActionBar" >
47-->src/main/AndroidManifest.xml:25:13-71
48            <intent-filter>
48-->src/main/AndroidManifest.xml:25:74-29:25
49                <action android:name="android.intent.action.MAIN" />
49-->src/main/AndroidManifest.xml:26:13-65
49-->src/main/AndroidManifest.xml:26:21-62
50
51                <category android:name="android.intent.category.LAUNCHER" />
51-->src/main/AndroidManifest.xml:28:13-73
51-->src/main/AndroidManifest.xml:28:23-70
52            </intent-filter>
53        </activity>
54        <activity
54-->[androidx.compose.ui:ui-tooling-android:1.6.6] AndroidManifest.xml:23:9-25:39
55            android:name="androidx.compose.ui.tooling.PreviewActivity"
55-->[androidx.compose.ui:ui-tooling-android:1.6.6] AndroidManifest.xml:24:13-71
56            android:exported="true" />
56-->[androidx.compose.ui:ui-tooling-android:1.6.6] AndroidManifest.xml:25:13-36
57        <activity
57-->[androidx.compose.ui:ui-test-manifest:1.6.6] AndroidManifest.xml:23:9-25:39
58            android:name="androidx.activity.ComponentActivity"
58-->[androidx.compose.ui:ui-test-manifest:1.6.6] AndroidManifest.xml:24:13-63
59            android:exported="true" />
59-->[androidx.compose.ui:ui-test-manifest:1.6.6] AndroidManifest.xml:25:13-36
60
61        <provider
61-->[androidx.emoji2:emoji2:1.3.0] AndroidManifest.xml:24:9-32:20
62            android:name="androidx.startup.InitializationProvider"
62-->[androidx.emoji2:emoji2:1.3.0] AndroidManifest.xml:25:13-67
63            android:authorities="com.example.notestakingapp.androidx-startup"
63-->[androidx.emoji2:emoji2:1.3.0] AndroidManifest.xml:26:13-68
64            android:exported="false" >
64-->[androidx.emoji2:emoji2:1.3.0] AndroidManifest.xml:27:13-37
65            <meta-data
65-->[androidx.emoji2:emoji2:1.3.0] AndroidManifest.xml:29:13-31:52
66                android:name="androidx.emoji2.text.EmojiCompatInitializer"
66-->[androidx.emoji2:emoji2:1.3.0] AndroidManifest.xml:30:17-75
67                android:value="androidx.startup" />
67-->[androidx.emoji2:emoji2:1.3.0] AndroidManifest.xml:31:17-49
68            <meta-data
68-->[androidx.lifecycle:lifecycle-process:2.8.7] AndroidManifest.xml:29:13-31:52
69                android:name="androidx.lifecycle.ProcessLifecycleInitializer"
69-->[androidx.lifecycle:lifecycle-process:2.8.7] AndroidManifest.xml:30:17-78
70                android:value="androidx.startup" />
70-->[androidx.lifecycle:lifecycle-process:2.8.7] AndroidManifest.xml:31:17-49
71            <meta-data
71-->[androidx.profileinstaller:profileinstaller:1.4.0] AndroidManifest.xml:29:13-31:52
72                android:name="androidx.profileinstaller.ProfileInstallerInitializer"
72-->[androidx.profileinstaller:profileinstaller:1.4.0] AndroidManifest.xml:30:17-85
73                android:value="androidx.startup" />
73-->[androidx.profileinstaller:profileinstaller:1.4.0] AndroidManifest.xml:31:17-49
74        </provider>
75
76        <uses-library
76-->[androidx.window:window:1.0.0] AndroidManifest.xml:25:9-27:40
77            android:name="androidx.window.extensions"
77-->[androidx.window:window:1.0.0] AndroidManifest.xml:26:13-54
78            android:required="false" />
78-->[androidx.window:window:1.0.0] AndroidManifest.xml:27:13-37
79        <uses-library
79-->[androidx.window:window:1.0.0] AndroidManifest.xml:28:9-30:40
80            android:name="androidx.window.sidecar"
80-->[androidx.window:window:1.0.0] AndroidManifest.xml:29:13-51
81            android:required="false" />
81-->[androidx.window:window:1.0.0] AndroidManifest.xml:30:13-37
82
83        <activity
83-->[androidx.test:core:1.6.1] AndroidManifest.xml:27:9-34:20
84            android:name="androidx.test.core.app.InstrumentationActivityInvoker$BootstrapActivity"
84-->[androidx.test:core:1.6.1] AndroidManifest.xml:28:13-99
85            android:exported="true"
85-->[androidx.test:core:1.6.1] AndroidManifest.xml:29:13-36
86            android:theme="@style/WhiteBackgroundTheme" >
86-->[androidx.test:core:1.6.1] AndroidManifest.xml:30:13-56
87            <intent-filter android:priority="-100" >
87-->[androidx.test:core:1.6.1] AndroidManifest.xml:31:13-33:29
87-->[androidx.test:core:1.6.1] AndroidManifest.xml:31:28-51
88                <category android:name="android.intent.category.LAUNCHER" />
88-->src/main/AndroidManifest.xml:28:13-73
88-->src/main/AndroidManifest.xml:28:23-70
89            </intent-filter>
90        </activity>
91        <activity
91-->[androidx.test:core:1.6.1] AndroidManifest.xml:35:9-42:20
92            android:name="androidx.test.core.app.InstrumentationActivityInvoker$EmptyActivity"
92-->[androidx.test:core:1.6.1] AndroidManifest.xml:36:13-95
93            android:exported="true"
93-->[androidx.test:core:1.6.1] AndroidManifest.xml:37:13-36
94            android:theme="@style/WhiteBackgroundTheme" >
94-->[androidx.test:core:1.6.1] AndroidManifest.xml:38:13-56
95            <intent-filter android:priority="-100" >
95-->[androidx.test:core:1.6.1] AndroidManifest.xml:31:13-33:29
95-->[androidx.test:core:1.6.1] AndroidManifest.xml:31:28-51
96                <category android:name="android.intent.category.LAUNCHER" />
96-->src/main/AndroidManifest.xml:28:13-73
96-->src/main/AndroidManifest.xml:28:23-70
97            </intent-filter>
98        </activity>
99        <activity
99-->[androidx.test:core:1.6.1] AndroidManifest.xml:43:9-50:20
100            android:name="androidx.test.core.app.InstrumentationActivityInvoker$EmptyFloatingActivity"
100-->[androidx.test:core:1.6.1] AndroidManifest.xml:44:13-103
101            android:exported="true"
101-->[androidx.test:core:1.6.1] AndroidManifest.xml:45:13-36
102            android:theme="@style/WhiteBackgroundDialogTheme" >
102-->[androidx.test:core:1.6.1] AndroidManifest.xml:46:13-62
103            <intent-filter android:priority="-100" >
103-->[androidx.test:core:1.6.1] AndroidManifest.xml:31:13-33:29
103-->[androidx.test:core:1.6.1] AndroidManifest.xml:31:28-51
104                <category android:name="android.intent.category.LAUNCHER" />
104-->src/main/AndroidManifest.xml:28:13-73
104-->src/main/AndroidManifest.xml:28:23-70
105            </intent-filter>
106        </activity>
107
108        <service
108-->[androidx.room:room-runtime-android:2.7.0-alpha13] AndroidManifest.xml:24:9-28:63
109            android:name="androidx.room.MultiInstanceInvalidationService"
109-->[androidx.room:room-runtime-android:2.7.0-alpha13] AndroidManifest.xml:25:13-74
110            android:directBootAware="true"
110-->[androidx.room:room-runtime-android:2.7.0-alpha13] AndroidManifest.xml:26:13-43
111            android:exported="false" />
111-->[androidx.room:room-runtime-android:2.7.0-alpha13] AndroidManifest.xml:27:13-37
112
113        <receiver
113-->[androidx.profileinstaller:profileinstaller:1.4.0] AndroidManifest.xml:34:9-52:20
114            android:name="androidx.profileinstaller.ProfileInstallReceiver"
114-->[androidx.profileinstaller:profileinstaller:1.4.0] AndroidManifest.xml:35:13-76
115            android:directBootAware="false"
115-->[androidx.profileinstaller:profileinstaller:1.4.0] AndroidManifest.xml:36:13-44
116            android:enabled="true"
116-->[androidx.profileinstaller:profileinstaller:1.4.0] AndroidManifest.xml:37:13-35
117            android:exported="true"
117-->[androidx.profileinstaller:profileinstaller:1.4.0] AndroidManifest.xml:38:13-36
118            android:permission="android.permission.DUMP" >
118-->[androidx.profileinstaller:profileinstaller:1.4.0] AndroidManifest.xml:39:13-57
119            <intent-filter>
119-->[androidx.profileinstaller:profileinstaller:1.4.0] AndroidManifest.xml:40:13-42:29
120                <action android:name="androidx.profileinstaller.action.INSTALL_PROFILE" />
120-->[androidx.profileinstaller:profileinstaller:1.4.0] AndroidManifest.xml:41:17-91
120-->[androidx.profileinstaller:profileinstaller:1.4.0] AndroidManifest.xml:41:25-88
121            </intent-filter>
122            <intent-filter>
122-->[androidx.profileinstaller:profileinstaller:1.4.0] AndroidManifest.xml:43:13-45:29
123                <action android:name="androidx.profileinstaller.action.SKIP_FILE" />
123-->[androidx.profileinstaller:profileinstaller:1.4.0] AndroidManifest.xml:44:17-85
123-->[androidx.profileinstaller:profileinstaller:1.4.0] AndroidManifest.xml:44:25-82
124            </intent-filter>
125            <intent-filter>
125-->[androidx.profileinstaller:profileinstaller:1.4.0] AndroidManifest.xml:46:13-48:29
126                <action android:name="androidx.profileinstaller.action.SAVE_PROFILE" />
126-->[androidx.profileinstaller:profileinstaller:1.4.0] AndroidManifest.xml:47:17-88
126-->[androidx.profileinstaller:profileinstaller:1.4.0] AndroidManifest.xml:47:25-85
127            </intent-filter>
128            <intent-filter>
128-->[androidx.profileinstaller:profileinstaller:1.4.0] AndroidManifest.xml:49:13-51:29
129                <action android:name="androidx.profileinstaller.action.BENCHMARK_OPERATION" />
129-->[androidx.profileinstaller:profileinstaller:1.4.0] AndroidManifest.xml:50:17-95
129-->[androidx.profileinstaller:profileinstaller:1.4.0] AndroidManifest.xml:50:25-92
130            </intent-filter>
131        </receiver>
132    </application>
133
134</manifest>